TN:
SF:app/components/Button/index.tsx
FNF:0
FNH:0
DA:1,1
DA:2,1
DA:3,1
DA:4,1
DA:5,1
DA:6,1
DA:7,1
DA:8,1
DA:9,1
DA:10,1
DA:11,1
DA:12,1
DA:13,1
DA:14,1
DA:15,1
DA:16,1
DA:17,1
DA:18,1
DA:19,1
DA:20,1
DA:21,1
DA:22,1
DA:23,1
DA:24,1
DA:25,1
DA:26,1
DA:27,1
DA:28,14
DA:29,14
DA:30,14
DA:31,14
DA:32,14
DA:33,14
DA:34,14
DA:35,14
DA:36,14
DA:37,1
DA:38,1
DA:39,1
DA:40,1
DA:41,1
LF:41
LH:41
BRDA:5,0,0,3
BRDA:27,1,0,14
BRF:2
BRH:2
end_of_record
TN:
SF:app/components/Dot/index.tsx
FN:21,Dot
FNF:1
FNH:1
FNDA:23,Dot
DA:1,1
DA:2,1
DA:3,1
DA:4,1
DA:5,1
DA:6,1
DA:7,1
DA:8,1
DA:9,1
DA:10,1
DA:11,1
DA:12,1
DA:13,1
DA:14,1
DA:15,1
DA:16,1
DA:17,1
DA:18,1
DA:19,1
DA:20,1
DA:21,1
DA:22,23
DA:23,23
DA:24,23
DA:25,23
DA:26,23
DA:27,23
DA:28,23
DA:29,23
DA:30,23
DA:31,1
DA:32,1
LF:32
LH:32
BRDA:21,0,0,23
BRF:1
BRH:1
end_of_record
TN:
SF:app/components/Input/index.tsx
FN:37,Input
FN:49,handleShowPassword
FN:51,getInputType
FNF:3
FNH:3
FNDA:6,Input
FNDA:1,handleShowPassword
FNDA:6,getInputType
DA:1,1
DA:2,1
DA:3,1
DA:4,1
DA:5,1
DA:6,1
DA:7,1
DA:8,1
DA:9,1
DA:10,1
DA:11,1
DA:12,1
DA:13,1
DA:14,1
DA:15,1
DA:16,1
DA:17,1
DA:18,1
DA:19,1
DA:20,1
DA:21,1
DA:22,1
DA:23,1
DA:24,1
DA:25,1
DA:26,1
DA:27,1
DA:28,1
DA:29,1
DA:30,1
DA:31,1
DA:32,1
DA:33,1
DA:34,1
DA:35,1
DA:36,1
DA:37,1
DA:38,6
DA:39,6
DA:40,6
DA:41,6
DA:42,6
DA:43,6
DA:44,6
DA:45,6
DA:46,6
DA:47,6
DA:48,6
DA:49,6
DA:50,6
DA:51,6
DA:52,6
DA:53,2
DA:54,2
DA:55,4
DA:56,4
DA:57,4
DA:58,6
DA:59,6
DA:60,6
DA:61,6
DA:62,6
DA:63,6
DA:64,6
DA:65,6
DA:66,6
DA:67,6
DA:68,6
DA:69,6
DA:70,6
DA:71,6
DA:72,6
DA:73,6
DA:74,6
DA:75,6
DA:76,6
DA:77,6
DA:78,6
DA:79,6
DA:80,6
DA:81,6
DA:82,6
DA:83,6
DA:84,6
DA:85,6
DA:86,6
DA:87,6
DA:88,6
DA:89,6
DA:90,6
DA:91,6
DA:92,6
DA:93,6
DA:94,6
DA:95,1
LF:95
LH:95
BRDA:37,0,0,6
BRDA:70,1,0,3
BRDA:70,2,0,3
BRDA:49,3,0,1
BRDA:49,4,0,1
BRDA:51,5,0,6
BRDA:52,6,0,2
BRDA:53,7,0,1
BRDA:53,8,0,1
BRDA:54,9,0,4
BRF:10
BRH:10
end_of_record
TN:
SF:app/components/Stepper/index.tsx
FN:14,createDots
FN:26,Stepper
FN:60,onClick
FN:70,onClick
FNF:4
FNH:4
FNDA:7,createDots
FNDA:12,Stepper
FNDA:1,onClick
FNDA:2,onClick
DA:1,1
DA:2,1
DA:3,1
DA:4,1
DA:5,1
DA:6,1
DA:7,1
DA:8,1
DA:9,1
DA:10,1
DA:11,1
DA:12,1
DA:13,1
DA:14,7
DA:15,7
DA:16,7
DA:17,7
DA:18,21
DA:19,21
DA:20,21
DA:21,21
DA:22,7
DA:23,7
DA:24,7
DA:25,1
DA:26,1
DA:27,12
DA:28,12
DA:29,12
DA:30,12
DA:31,12
DA:32,12
DA:33,12
DA:34,12
DA:35,12
DA:36,12
DA:37,12
DA:38,11
DA:39,11
DA:40,12
DA:41,4
DA:42,4
DA:43,7
DA:44,7
DA:45,7
DA:46,7
DA:47,7
DA:48,7
DA:49,7
DA:50,7
DA:51,7
DA:52,7
DA:53,7
DA:54,7
DA:55,7
DA:56,7
DA:57,7
DA:58,7
DA:59,12
DA:60,12
DA:61,12
DA:62,12
DA:63,12
DA:64,12
DA:65,12
DA:66,12
DA:67,12
DA:68,12
DA:69,12
DA:70,12
DA:71,12
DA:72,12
DA:73,12
DA:74,2
DA:75,5
DA:76,12
DA:77,12
DA:78,12
DA:79,12
DA:80,12
DA:81,12
DA:82,12
DA:83,12
DA:84,1
DA:85,1
DA:86,1
DA:87,1
DA:88,1
LF:88
LH:88
BRDA:14,0,0,7
BRDA:17,1,0,21
BRDA:19,2,0,11
BRDA:19,3,0,10
BRDA:26,4,0,12
BRDA:37,5,0,11
BRDA:38,6,0,11
BRDA:40,7,0,7
BRDA:40,8,0,4
BRDA:73,9,0,2
BRDA:74,10,0,5
BRDA:78,11,0,2
BRDA:78,12,0,5
BRDA:60,13,0,1
BRDA:70,14,0,2
BRF:15
BRH:15
end_of_record
TN:
SF:app/components/Stepper/useStepper.ts
FN:11,useStepper
FN:21,handleNextStep
FN:39,handlePreviousStep
FN:47,getStepperProps
FNF:4
FNH:4
FNDA:19,useStepper
FNDA:8,handleNextStep
FNDA:3,handlePreviousStep
FNDA:15,getStepperProps
DA:1,1
DA:2,1
DA:3,1
DA:4,1
DA:5,1
DA:6,1
DA:7,1
DA:8,1
DA:9,1
DA:10,1
DA:11,1
DA:12,19
DA:13,19
DA:14,19
DA:15,19
DA:16,19
DA:17,19
DA:18,19
DA:19,19
DA:20,19
DA:21,19
DA:22,8
DA:23,8
DA:24,8
DA:25,1
DA:26,1
DA:27,1
DA:28,1
DA:29,8
DA:30,8
DA:31,8
DA:32,1
DA:33,1
DA:34,7
DA:35,7
DA:36,7
DA:37,8
DA:38,19
DA:39,19
DA:40,3
DA:41,2
DA:42,2
DA:43,1
DA:44,1
DA:45,1
DA:46,19
DA:47,19
DA:48,15
DA:49,15
DA:50,15
DA:51,15
DA:52,15
DA:53,15
DA:54,15
DA:55,15
DA:56,15
DA:57,15
DA:58,15
DA:59,15
DA:60,15
DA:61,15
DA:62,15
DA:63,19
DA:64,19
DA:65,19
DA:66,19
DA:67,19
DA:68,19
DA:69,19
DA:70,19
DA:71,19
DA:72,1
DA:73,1
LF:73
LH:73
BRDA:11,0,0,19
BRDA:17,1,0,1
BRDA:17,2,0,18
BRDA:17,3,0,2
BRDA:21,4,0,8
BRDA:24,5,0,1
BRDA:31,6,0,1
BRDA:33,7,0,7
BRDA:35,8,0,7
BRDA:39,9,0,3
BRDA:40,10,0,2
BRDA:42,11,0,1
BRDA:44,12,0,1
BRDA:47,13,0,15
BRF:14
BRH:14
end_of_record
TN:
SF:app/components/Stepper/Step/index.tsx
FN:5,Step
FNF:1
FNH:1
FNDA:1,Step
DA:1,1
DA:2,1
DA:3,1
DA:4,1
DA:5,1
DA:6,1
DA:7,1
LF:7
LH:7
BRDA:5,0,0,1
BRF:1
BRH:1
end_of_record
TN:
SF:app/components/UI/Layout/index.tsx
FN:5,Layout
FNF:1
FNH:1
FNDA:1,Layout
DA:1,1
DA:2,1
DA:3,1
DA:4,1
DA:5,1
DA:6,1
DA:7,1
DA:8,1
DA:9,1
DA:10,1
DA:11,1
LF:11
LH:11
BRDA:5,0,0,1
BRF:1
BRH:1
end_of_record
TN:
SF:app/utils/js.ts
FN:1,callAll
FNF:1
FNH:1
FNDA:30,callAll
DA:1,1
DA:2,30
DA:3,2
DA:4,2
DA:5,30
LF:5
LH:5
BRDA:1,0,0,30
BRDA:2,1,0,2
BRDA:3,2,0,4
BRDA:3,3,0,3
BRF:4
BRH:4
end_of_record
TN:
SF:app/utils/styles.ts
FN:4,cn
FNF:1
FNH:1
FNDA:49,cn
DA:1,1
DA:2,1
DA:3,1
DA:4,1
DA:5,49
DA:6,49
LF:6
LH:6
BRDA:4,0,0,49
BRF:1
BRH:1
end_of_record
TN:
SF:app/utils/tests/tests.ts
FNF:0
FNH:0
DA:1,1
DA:2,1
DA:3,1
DA:4,1
LF:4
LH:4
BRF:0
BRH:0
end_of_record
